<?xml version="1.0" encoding="UTF-8"?>
<!-- Generated by org.testng.reporters.JUnitXMLReporter -->
<testsuite ignored="0" hostname="DESKTOP-ECL3EN8" failures="0" tests="5" name="OrangeHRMSiteTest" time="68.24" errors="0" timestamp="2020-08-07T14:39:32 BDT">
  <testcase classname="com.bitm.OrangeHRMTest.Test.LoginTest" name="checkLoginPageTitle" time="27.604"/>
  <testcase classname="com.bitm.OrangeHRMTest.Test.LoginTest" name="logintest" time="10.052"/>
  <testcase classname="com.bitm.OrangeHRMTest.Test.AssignLeaveTest" name="checkAssignLeavePageTitle" time="1.42"/>
  <testcase classname="com.bitm.OrangeHRMTest.Test.AssignLeaveTest" name="AssignLeaveTest" time="4.292"/>
  <testcase classname="com.bitm.OrangeHRMTest.Test.LeaveListTest" name="LeaveListTest" time="22.613"/>
</testsuite> <!-- OrangeHRMSiteTest -->
