<?xml version="1.0" encoding="UTF-8"?>
<!-- Generated by org.testng.reporters.JUnitXMLReporter -->
<testsuite ignored="0" hostname="DESKTOP-ECL3EN8" failures="0" tests="5" name="OrangrHRMTest" time="43.289" errors="0" timestamp="2020-08-07T16:02:43 BDT">
  <testcase classname="com.bitm.OrangeHRMTest.Test.LoginTest" name="checkLoginPageTitle" time="8.855"/>
  <testcase classname="com.bitm.OrangeHRMTest.Test.LoginTest" name="logintest" time="17.092"/>
  <testcase classname="com.bitm.OrangeHRMTest.Test.AssignLeaveTest" name="checkAssignLeavePageTitle" time="3.285"/>
  <testcase classname="com.bitm.OrangeHRMTest.Test.AssignLeaveTest" name="AssignLeaveTest" time="3.707"/>
  <testcase classname="com.bitm.OrangeHRMTest.Test.LeaveListTest" name="LeaveListTest" time="8.166"/>
</testsuite> <!-- OrangrHRMTest -->
