<?xml version="1.0" encoding="UTF-8"?>
<!-- Generated by org.testng.reporters.JUnitXMLReporter -->
<testsuite ignored="0" hostname="DESKTOP-ECL3EN8" failures="0" tests="5" name="OrangrHRMTest" time="50.831" errors="0" timestamp="2020-08-07T15:40:03 BDT">
  <testcase classname="com.bitm.OrangeHRMTest.Test.LoginTest" name="checkLoginPageTitle" time="20.674"/>
  <testcase classname="com.bitm.OrangeHRMTest.Test.LoginTest" name="logintest" time="11.216"/>
  <testcase classname="com.bitm.OrangeHRMTest.Test.AssignLeaveTest" name="checkAssignLeavePageTitle" time="3.164"/>
  <testcase classname="com.bitm.OrangeHRMTest.Test.AssignLeaveTest" name="AssignLeaveTest" time="3.984"/>
  <testcase classname="com.bitm.OrangeHRMTest.Test.LeaveListTest" name="LeaveListTest" time="7.218"/>
</testsuite> <!-- OrangrHRMTest -->
